<?xml version="1.0" encoding="UTF-8"?>
<testng-results ignored="0" total="4" passed="4" failed="0" skipped="0">
  <reporter-output>
  </reporter-output>
  <suite started-at="2026-07-11T17:08:13 IST" name="CrossBrowserFramework" finished-at="2026-07-11T17:08:50 IST" duration-ms="37594">
    <groups>
      <group name="cucumber">
        <method signature="AbstractTestNGCucumberTests.runScenario(io.cucumber.testng.PickleWrapper,io.cucumber.testng.FeatureWrapper)[pri:0, instance:runner.InventoryRunner@dc9876b]" name="runScenario" class="io.cucumber.testng.AbstractTestNGCucumberTests"/>
        <method signature="AbstractTestNGCucumberTests.runScenario(io.cucumber.testng.PickleWrapper,io.cucumber.testng.FeatureWrapper)[pri:0, instance:runner.InventoryRunner@2a7ed1f]" name="runScenario" class="io.cucumber.testng.AbstractTestNGCucumberTests"/>
      </group> <!-- cucumber -->
    </groups>
    <test started-at="2026-07-11T17:08:13 IST" name="Edge" finished-at="2026-07-11T17:08:50 IST" duration-ms="37244">
      <class name="runner.InventoryRunner">
        <test-method is-config="true" signature="setUpClass(org.testng.ITestContext)[pri:0, instance:runner.InventoryRunner@2a7ed1f]" started-at="2026-07-11T17:08:13 IST" name="setUpClass" finished-at="2026-07-11T17:08:14 IST" duration-ms="978" status="PASS">
          <params>
            <param index="0">
              <value>
                <![CDATA[org.testng.TestRunner@19e7a160]]>
              </value>
            </param>
          </params>
          <reporter-output>
          </reporter-output>
        </test-method> <!-- setUpClass -->
        <test-method is-config="true" signature="setupBrowser(java.lang.String)[pri:0, instance:runner.InventoryRunner@2a7ed1f]" started-at="2026-07-11T17:08:14 IST" name="setupBrowser" finished-at="2026-07-11T17:08:14 IST" duration-ms="6" status="PASS">
          <params>
            <param index="0">
              <value>
                <![CDATA[edge]]>
              </value>
            </param>
          </params>
          <reporter-output>
          </reporter-output>
        </test-method> <!-- setupBrowser -->
        <test-method signature="runScenario(io.cucumber.testng.PickleWrapper,io.cucumber.testng.FeatureWrapper)[pri:0, instance:runner.InventoryRunner@2a7ed1f]" started-at="2026-07-11T17:08:14 IST" name="runScenario" description="Runs Cucumber Scenarios" data-provider="scenarios" finished-at="2026-07-11T17:08:35 IST" duration-ms="20968" status="PASS">
          <params>
            <param index="0">
              <value>
                <![CDATA["Complete Inventory Flow"]]>
              </value>
            </param>
            <param index="1">
              <value>
                <![CDATA["SauceDemo Inventory Feature"]]>
              </value>
            </param>
          </params>
          <reporter-output>
          </reporter-output>
        </test-method> <!-- runScenario -->
        <test-method signature="runScenario(io.cucumber.testng.PickleWrapper,io.cucumber.testng.FeatureWrapper)[pri:0, instance:runner.InventoryRunner@2a7ed1f]" started-at="2026-07-11T17:08:35 IST" name="runScenario" description="Runs Cucumber Scenarios" data-provider="scenarios" finished-at="2026-07-11T17:08:49 IST" duration-ms="14095" status="PASS">
          <params>
            <param index="0">
              <value>
                <![CDATA["Reset App State"]]>
              </value>
            </param>
            <param index="1">
              <value>
                <![CDATA["SauceDemo Inventory Feature"]]>
              </value>
            </param>
          </params>
          <reporter-output>
          </reporter-output>
        </test-method> <!-- runScenario -->
        <test-method is-config="true" signature="tearDownClass()[pri:0, instance:runner.InventoryRunner@2a7ed1f]" started-at="2026-07-11T17:08:49 IST" name="tearDownClass" finished-at="2026-07-11T17:08:50 IST" duration-ms="1118" status="PASS">
          <reporter-output>
          </reporter-output>
        </test-method> <!-- tearDownClass -->
      </class> <!-- runner.InventoryRunner -->
    </test> <!-- Edge -->
    <test started-at="2026-07-11T17:08:13 IST" name="Chrome" finished-at="2026-07-11T17:08:50 IST" duration-ms="37594">
      <class name="runner.InventoryRunner">
        <test-method is-config="true" signature="setUpClass(org.testng.ITestContext)[pri:0, instance:runner.InventoryRunner@dc9876b]" started-at="2026-07-11T17:08:13 IST" name="setUpClass" finished-at="2026-07-11T17:08:14 IST" duration-ms="978" status="PASS">
          <params>
            <param index="0">
              <value>
                <![CDATA[org.testng.TestRunner@7674b62c]]>
              </value>
            </param>
          </params>
          <reporter-output>
          </reporter-output>
        </test-method> <!-- setUpClass -->
        <test-method is-config="true" signature="setupBrowser(java.lang.String)[pri:0, instance:runner.InventoryRunner@dc9876b]" started-at="2026-07-11T17:08:14 IST" name="setupBrowser" finished-at="2026-07-11T17:08:14 IST" duration-ms="7" status="PASS">
          <params>
            <param index="0">
              <value>
                <![CDATA[chrome]]>
              </value>
            </param>
          </params>
          <reporter-output>
          </reporter-output>
        </test-method> <!-- setupBrowser -->
        <test-method signature="runScenario(io.cucumber.testng.PickleWrapper,io.cucumber.testng.FeatureWrapper)[pri:0, instance:runner.InventoryRunner@dc9876b]" started-at="2026-07-11T17:08:14 IST" name="runScenario" description="Runs Cucumber Scenarios" data-provider="scenarios" finished-at="2026-07-11T17:08:34 IST" duration-ms="20780" status="PASS">
          <params>
            <param index="0">
              <value>
                <![CDATA["Complete Inventory Flow"]]>
              </value>
            </param>
            <param index="1">
              <value>
                <![CDATA["SauceDemo Inventory Feature"]]>
              </value>
            </param>
          </params>
          <reporter-output>
          </reporter-output>
        </test-method> <!-- runScenario -->
        <test-method signature="runScenario(io.cucumber.testng.PickleWrapper,io.cucumber.testng.FeatureWrapper)[pri:0, instance:runner.InventoryRunner@dc9876b]" started-at="2026-07-11T17:08:34 IST" name="runScenario" description="Runs Cucumber Scenarios" data-provider="scenarios" finished-at="2026-07-11T17:08:50 IST" duration-ms="15724" status="PASS">
          <params>
            <param index="0">
              <value>
                <![CDATA["Reset App State"]]>
              </value>
            </param>
            <param index="1">
              <value>
                <![CDATA["SauceDemo Inventory Feature"]]>
              </value>
            </param>
          </params>
          <reporter-output>
          </reporter-output>
        </test-method> <!-- runScenario -->
        <test-method is-config="true" signature="tearDownClass()[pri:0, instance:runner.InventoryRunner@dc9876b]" started-at="2026-07-11T17:08:50 IST" name="tearDownClass" finished-at="2026-07-11T17:08:50 IST" duration-ms="19" status="PASS">
          <reporter-output>
          </reporter-output>
        </test-method> <!-- tearDownClass -->
      </class> <!-- runner.InventoryRunner -->
    </test> <!-- Chrome -->
  </suite> <!-- CrossBrowserFramework -->
</testng-results>
