<?xml version="1.0" encoding="UTF-8"?>
<!-- Generated by org.testng.reporters.JUnitReportReporter -->
<testsuite hostname="APL-JDQWT24" failures="0" tests="10" name="runner.UIValidationRunner" time="165.088" errors="0" timestamp="2026-07-12T17:11:41 IST" skipped="0">
  <testcase classname="runner.UIValidationRunner" name="runScenario" time="15.385"/>
  <testcase classname="runner.UIValidationRunner" name="runScenario" time="14.340"/>
  <testcase classname="runner.UIValidationRunner" name="runScenario" time="13.548"/>
  <testcase classname="runner.UIValidationRunner" name="runScenario" time="16.729"/>
  <testcase classname="runner.UIValidationRunner" name="runScenario" time="18.622"/>
  <testcase classname="runner.UIValidationRunner" name="runScenario" time="15.053"/>
  <testcase classname="runner.UIValidationRunner" name="runScenario" time="21.527"/>
  <testcase classname="runner.UIValidationRunner" name="runScenario" time="15.447"/>
  <testcase classname="runner.UIValidationRunner" name="runScenario" time="19.460"/>
  <testcase classname="runner.UIValidationRunner" name="runScenario" time="14.977"/>
</testsuite> <!-- runner.UIValidationRunner -->
