<?xml version="1.0" encoding="UTF-8"?>
<!-- Generated by org.testng.reporters.JUnitReportReporter -->
<testsuite hostname="APL-JDQWT24" failures="0" tests="16" name="runner.NavigationRunner" time="286.170" errors="0" timestamp="2026-07-12T17:11:41 IST" skipped="0">
  <testcase classname="runner.NavigationRunner" name="runScenario" time="14.197"/>
  <testcase classname="runner.NavigationRunner" name="runScenario" time="21.379"/>
  <testcase classname="runner.NavigationRunner" name="runScenario" time="14.666"/>
  <testcase classname="runner.NavigationRunner" name="runScenario" time="15.399"/>
  <testcase classname="runner.NavigationRunner" name="runScenario" time="16.633"/>
  <testcase classname="runner.NavigationRunner" name="runScenario" time="23.149"/>
  <testcase classname="runner.NavigationRunner" name="runScenario" time="11.079"/>
  <testcase classname="runner.NavigationRunner" name="runScenario" time="14.275"/>
  <testcase classname="runner.NavigationRunner" name="runScenario" time="29.431"/>
  <testcase classname="runner.NavigationRunner" name="runScenario" time="16.904"/>
  <testcase classname="runner.NavigationRunner" name="runScenario" time="15.853"/>
  <testcase classname="runner.NavigationRunner" name="runScenario" time="14.919"/>
  <testcase classname="runner.NavigationRunner" name="runScenario" time="14.090"/>
  <testcase classname="runner.NavigationRunner" name="runScenario" time="23.778"/>
  <testcase classname="runner.NavigationRunner" name="runScenario" time="13.935"/>
  <testcase classname="runner.NavigationRunner" name="runScenario" time="26.483"/>
</testsuite> <!-- runner.NavigationRunner -->
