<?xml version="1.0" encoding="UTF-8"?>
<!-- Generated by org.testng.reporters.JUnitReportReporter -->
<testsuite hostname="APL-JDQWT24" failures="0" tests="6" name="runner.SessionManagementRunner" time="54.700" errors="0" timestamp="2026-07-11T14:59:21 IST" skipped="0">
  <testcase classname="runner.SessionManagementRunner" name="runScenario" time="6.145"/>
  <testcase classname="runner.SessionManagementRunner" name="runScenario" time="16.324"/>
  <testcase classname="runner.SessionManagementRunner" name="runScenario" time="8.523"/>
  <testcase classname="runner.SessionManagementRunner" name="runScenario" time="6.641"/>
  <testcase classname="runner.SessionManagementRunner" name="runScenario" time="9.639"/>
  <testcase classname="runner.SessionManagementRunner" name="runScenario" time="7.428"/>
</testsuite> <!-- runner.SessionManagementRunner -->
