<?xml version="1.0" encoding="UTF-8"?>
<!-- Generated by org.testng.reporters.JUnitReportReporter -->
<testsuite hostname="APL-JDQWT24" failures="0" tests="6" name="runner.SessionManagementRunner" time="69.049" errors="0" timestamp="2026-07-12T17:11:41 IST" skipped="0">
  <testcase classname="runner.SessionManagementRunner" name="runScenario" time="13.125"/>
  <testcase classname="runner.SessionManagementRunner" name="runScenario" time="12.417"/>
  <testcase classname="runner.SessionManagementRunner" name="runScenario" time="10.961"/>
  <testcase classname="runner.SessionManagementRunner" name="runScenario" time="14.964"/>
  <testcase classname="runner.SessionManagementRunner" name="runScenario" time="7.850"/>
  <testcase classname="runner.SessionManagementRunner" name="runScenario" time="9.732"/>
</testsuite> <!-- runner.SessionManagementRunner -->
