<?xml version="1.0" encoding="UTF-8"?>
<!-- Generated by org.testng.reporters.JUnitReportReporter -->
<testsuite hostname="APL-JDQWT24" failures="0" tests="8" name="runner.CheckoutRunner" time="92.749" errors="0" timestamp="2026-07-11T14:59:21 IST" skipped="0">
  <testcase classname="runner.CheckoutRunner" name="runScenario" time="10.880"/>
  <testcase classname="runner.CheckoutRunner" name="runScenario" time="12.391"/>
  <testcase classname="runner.CheckoutRunner" name="runScenario" time="11.905"/>
  <testcase classname="runner.CheckoutRunner" name="runScenario" time="11.497"/>
  <testcase classname="runner.CheckoutRunner" name="runScenario" time="10.693"/>
  <testcase classname="runner.CheckoutRunner" name="runScenario" time="11.576"/>
  <testcase classname="runner.CheckoutRunner" name="runScenario" time="12.571"/>
  <testcase classname="runner.CheckoutRunner" name="runScenario" time="11.236"/>
</testsuite> <!-- runner.CheckoutRunner -->
