<?xml version="1.0" encoding="UTF-8"?>
<!-- Generated by org.testng.reporters.JUnitReportReporter -->
<testsuite hostname="APL-JDQWT24" failures="0" tests="10" name="runner.UIValidationRunner" time="87.838" errors="0" timestamp="2026-07-11T14:59:21 IST" skipped="0">
  <testcase classname="runner.UIValidationRunner" name="runScenario" time="8.670"/>
  <testcase classname="runner.UIValidationRunner" name="runScenario" time="7.536"/>
  <testcase classname="runner.UIValidationRunner" name="runScenario" time="8.681"/>
  <testcase classname="runner.UIValidationRunner" name="runScenario" time="6.622"/>
  <testcase classname="runner.UIValidationRunner" name="runScenario" time="9.126"/>
  <testcase classname="runner.UIValidationRunner" name="runScenario" time="8.935"/>
  <testcase classname="runner.UIValidationRunner" name="runScenario" time="9.028"/>
  <testcase classname="runner.UIValidationRunner" name="runScenario" time="8.113"/>
  <testcase classname="runner.UIValidationRunner" name="runScenario" time="9.731"/>
  <testcase classname="runner.UIValidationRunner" name="runScenario" time="11.396"/>
</testsuite> <!-- runner.UIValidationRunner -->
