<?xml version="1.0" encoding="UTF-8"?>
<!-- Generated by org.testng.reporters.JUnitReportReporter -->
<testsuite hostname="APL-JDQWT24" failures="0" tests="16" name="runner.NavigationRunner" time="162.110" errors="0" timestamp="2026-07-11T14:59:21 IST" skipped="0">
  <testcase classname="runner.NavigationRunner" name="runScenario" time="8.744"/>
  <testcase classname="runner.NavigationRunner" name="runScenario" time="12.050"/>
  <testcase classname="runner.NavigationRunner" name="runScenario" time="8.866"/>
  <testcase classname="runner.NavigationRunner" name="runScenario" time="9.699"/>
  <testcase classname="runner.NavigationRunner" name="runScenario" time="12.520"/>
  <testcase classname="runner.NavigationRunner" name="runScenario" time="10.298"/>
  <testcase classname="runner.NavigationRunner" name="runScenario" time="12.529"/>
  <testcase classname="runner.NavigationRunner" name="runScenario" time="8.974"/>
  <testcase classname="runner.NavigationRunner" name="runScenario" time="10.293"/>
  <testcase classname="runner.NavigationRunner" name="runScenario" time="9.862"/>
  <testcase classname="runner.NavigationRunner" name="runScenario" time="8.323"/>
  <testcase classname="runner.NavigationRunner" name="runScenario" time="9.491"/>
  <testcase classname="runner.NavigationRunner" name="runScenario" time="10.367"/>
  <testcase classname="runner.NavigationRunner" name="runScenario" time="10.841"/>
  <testcase classname="runner.NavigationRunner" name="runScenario" time="9.600"/>
  <testcase classname="runner.NavigationRunner" name="runScenario" time="9.653"/>
</testsuite> <!-- runner.NavigationRunner -->
