<?xml version="1.0" encoding="UTF-8"?>
<!-- Generated by org.testng.reporters.JUnitReportReporter -->
<testsuite hostname="APL-JDQWT24" failures="0" tests="4" name="runner.InventoryRunner" time="71.567" errors="0" timestamp="2026-07-11T17:08:50 IST" skipped="0">
  <testcase classname="runner.InventoryRunner" name="runScenario" time="14.095"/>
  <testcase classname="runner.InventoryRunner" name="runScenario" time="20.780"/>
  <testcase classname="runner.InventoryRunner" name="runScenario" time="15.724"/>
  <testcase classname="runner.InventoryRunner" name="runScenario" time="20.968"/>
</testsuite> <!-- runner.InventoryRunner -->
