<?xml version="1.0" encoding="UTF-8"?>
<!-- Generated by org.testng.reporters.JUnitReportReporter -->
<testsuite hostname="APL-JDQWT24" failures="0" tests="4" name="runner.InventoryRunner" time="113.564" errors="0" timestamp="2026-07-12T17:11:41 IST" skipped="0">
  <testcase classname="runner.InventoryRunner" name="runScenario" time="21.328"/>
  <testcase classname="runner.InventoryRunner" name="runScenario" time="36.406"/>
  <testcase classname="runner.InventoryRunner" name="runScenario" time="32.026"/>
  <testcase classname="runner.InventoryRunner" name="runScenario" time="23.804"/>
</testsuite> <!-- runner.InventoryRunner -->
