<?xml version="1.0" encoding="UTF-8"?>
<!-- Generated by org.testng.reporters.JUnitReportReporter -->
<testsuite hostname="APL-JDQWT24" failures="0" tests="10" name="runner.LoginRunner" time="167.522" errors="0" timestamp="2026-07-12T17:11:41 IST" skipped="0">
  <testcase classname="runner.LoginRunner" name="runScenario" time="30.027"/>
  <testcase classname="runner.LoginRunner" name="runScenario" time="28.500"/>
  <testcase classname="runner.LoginRunner" name="runScenario" time="13.872"/>
  <testcase classname="runner.LoginRunner" name="runScenario" time="12.641"/>
  <testcase classname="runner.LoginRunner" name="runScenario" time="12.104"/>
  <testcase classname="runner.LoginRunner" name="runScenario" time="12.770"/>
  <testcase classname="runner.LoginRunner" name="runScenario" time="14.476"/>
  <testcase classname="runner.LoginRunner" name="runScenario" time="11.024"/>
  <testcase classname="runner.LoginRunner" name="runScenario" time="14.785"/>
  <testcase classname="runner.LoginRunner" name="runScenario" time="17.323"/>
</testsuite> <!-- runner.LoginRunner -->
