<?xml version="1.0" encoding="UTF-8"?>
<!-- Generated by org.testng.reporters.JUnitReportReporter -->
<testsuite hostname="APL-JDQWT24" failures="0" tests="4" name="runner.PerformanceRunner" time="34.397" errors="0" timestamp="2026-07-11T14:59:21 IST" skipped="0">
  <testcase classname="runner.PerformanceRunner" name="runScenario" time="6.803"/>
  <testcase classname="runner.PerformanceRunner" name="runScenario" time="7.578"/>
  <testcase classname="runner.PerformanceRunner" name="runScenario" time="9.885"/>
  <testcase classname="runner.PerformanceRunner" name="runScenario" time="10.131"/>
</testsuite> <!-- runner.PerformanceRunner -->
