<?xml version="1.0" encoding="UTF-8"?>
<!-- Generated by org.testng.reporters.JUnitReportReporter -->
<testsuite hostname="APL-JDQWT24" failures="0" tests="4" name="runner.PerformanceRunner" time="51.351" errors="0" timestamp="2026-07-12T17:11:41 IST" skipped="0">
  <testcase classname="runner.PerformanceRunner" name="runScenario" time="9.777"/>
  <testcase classname="runner.PerformanceRunner" name="runScenario" time="17.230"/>
  <testcase classname="runner.PerformanceRunner" name="runScenario" time="13.240"/>
  <testcase classname="runner.PerformanceRunner" name="runScenario" time="11.104"/>
</testsuite> <!-- runner.PerformanceRunner -->
