<?xml version="1.0" encoding="UTF-8"?>
<!-- Generated by org.testng.reporters.JUnitReportReporter -->
<testsuite hostname="APL-JDQWT24" failures="0" tests="8" name="runner.CheckoutRunner" time="153.559" errors="0" timestamp="2026-07-12T17:11:41 IST" skipped="0">
  <testcase classname="runner.CheckoutRunner" name="runScenario" time="17.407"/>
  <testcase classname="runner.CheckoutRunner" name="runScenario" time="16.737"/>
  <testcase classname="runner.CheckoutRunner" name="runScenario" time="25.605"/>
  <testcase classname="runner.CheckoutRunner" name="runScenario" time="21.985"/>
  <testcase classname="runner.CheckoutRunner" name="runScenario" time="17.672"/>
  <testcase classname="runner.CheckoutRunner" name="runScenario" time="19.064"/>
  <testcase classname="runner.CheckoutRunner" name="runScenario" time="15.353"/>
  <testcase classname="runner.CheckoutRunner" name="runScenario" time="19.736"/>
</testsuite> <!-- runner.CheckoutRunner -->
