<?xml version="1.0" encoding="UTF-8"?>
<!-- Generated by org.testng.reporters.JUnitReportReporter -->
<testsuite hostname="APL-JDQWT24" failures="0" tests="10" name="runner.LoginRunner" time="117.616" errors="0" timestamp="2026-07-11T14:59:21 IST" skipped="0">
  <testcase classname="runner.LoginRunner" name="runScenario" time="7.415"/>
  <testcase classname="runner.LoginRunner" name="runScenario" time="9.467"/>
  <testcase classname="runner.LoginRunner" name="runScenario" time="18.578"/>
  <testcase classname="runner.LoginRunner" name="runScenario" time="6.874"/>
  <testcase classname="runner.LoginRunner" name="runScenario" time="11.055"/>
  <testcase classname="runner.LoginRunner" name="runScenario" time="9.751"/>
  <testcase classname="runner.LoginRunner" name="runScenario" time="9.057"/>
  <testcase classname="runner.LoginRunner" name="runScenario" time="18.756"/>
  <testcase classname="runner.LoginRunner" name="runScenario" time="10.588"/>
  <testcase classname="runner.LoginRunner" name="runScenario" time="16.075"/>
</testsuite> <!-- runner.LoginRunner -->
